-----
Version: 5.2.3 (rev.: 15808 @ /SailsysV4/branches/jcd-SailsysV5);
-----
07/04/2022 08:30:13 VerboseRemote  - System Loaded. Total loaded time = 11.021 seconds
-----
Version: 5.2.3 (rev.: 15808 @ /SailsysV4/branches/jcd-SailsysV5);
-----
08/04/2022 07:47:16 VerboseRemote  - System Loaded. Total loaded time = 11.211 seconds
-----
Version: 5.2.3 (rev.: 15808 @ /SailsysV4/branches/jcd-SailsysV5);
-----
11/04/2022 11:34:43 VerboseRemote  - System Loaded. Total loaded time = 11.212 seconds
-----
Version: 5.2.3 (rev.: 15808 @ /SailsysV4/branches/jcd-SailsysV5);
-----
12/04/2022 06:57:09 VerboseRemote  - System Loaded. Total loaded time = 11.267 seconds
12/04/2022 19:50:14 System CanNet1_Can1_ProcessReader: Failed: <Interface closed>
12/04/2022 19:50:14 System CanNet1_Can1_ProcessReader: Failed: <Interface closed>
12/04/2022 19:50:14 System CanNet1_Can1_ProcessReader: Failed: <Interface closed>
12/04/2022 19:50:14 System CanNet1_Can1_ProcessReader: Failed: <Interface closed>
12/04/2022 19:50:14 System CanNet1_Can1_ProcessReader: Failed: <Interface closed>
12/04/2022 19:50:14 System CanNet1_Can1_ProcessReader: Failed: <Interface closed>
12/04/2022 19:50:14 System CanNet1_Can1_ProcessReader: Failed: <Interface closed>
12/04/2022 19:50:14 System CanNet1_Can1_ProcessReader: Failed: <Interface closed>
12/04/2022 19:50:14 System CanNet1_Can1_ProcessReader: Failed: <Interface closed>
12/04/2022 19:50:14 System CanNet1_Can1_ProcessReader: Failed: <Interface closed>
12/04/2022 19:50:14 System CanNet1_Can1_ProcessReader: Failed: <Interface closed>
12/04/2022 19:50:14 System CanNet1_Can1_ProcessReader: Failed: <Interface closed>
12/04/2022 19:50:14 System CanNet1_Can1_ProcessReader: Failed: <Interface closed>
12/04/2022 19:50:14 System CanNet1_Can1_ProcessReader: Failed: <Interface closed>
12/04/2022 19:50:14 System CanNet1_Can1_ProcessReader: Failed: <Interface closed>
12/04/2022 19:50:14 System CanNet1_Can1_ProcessReader: Failed: <Interface closed>
12/04/2022 19:50:14 System CanNet1_Can1_ProcessReader: Failed: <Interface closed>
12/04/2022 19:50:14 System CanNet1_Can1_ProcessReader: Failed: <Interface closed>
12/04/2022 19:50:14 System CanNet1_Can1_ProcessReader: Failed: <Interface closed>
12/04/2022 19:50:14 System CanNet1_Can1_ProcessReader: Failed: <Interface closed>
12/04/2022 19:50:14 System CanNet1_Can1_ProcessReader: Failed: <Interface closed>
12/04/2022 19:50:14 System CanNet1_Can1_ProcessReader: Failed: <Interface closed>
12/04/2022 19:50:14 System CanNet1_Can1_ProcessReader: Failed: <Interface closed>
12/04/2022 19:50:14 System CanNet1_Can1_ProcessReader: Failed: <Interface closed>
12/04/2022 19:50:14 System CanNet1_Can1_ProcessReader: Failed: <Interface closed>
12/04/2022 19:50:14 System CanNet1_Can1_ProcessReader: Failed: <Interface closed>
12/04/2022 19:50:14 System CanNet1_Can1_ProcessReader: Failed: <Interface closed>
12/04/2022 19:50:14 System CanNet1_Can1_ProcessReader: Failed: <Interface closed>
12/04/2022 19:50:14 System CanNet1_Can1_ProcessReader: Failed: <Interface closed>
12/04/2022 19:50:14 System CanNet1_Can1_ProcessReader: Failed: <Interface closed>
12/04/2022 19:50:14 System CanNet1_Can1_ProcessReader: Failed: <Interface closed>
12/04/2022 19:50:14 System CanNet1_Can1_ProcessReader: Failed: <Interface closed>
12/04/2022 19:50:14 System CanNet1_Can1_ProcessReader: Failed: <Interface closed>
12/04/2022 19:50:14 System CanNet1_Can1_ProcessReader: Failed: <Interface closed>
12/04/2022 19:50:14 System CanNet1_Can1_ProcessReader: Failed: <Interface closed>
12/04/2022 19:50:14 System CanNet1_Can1_ProcessReader: Failed: <Interface closed>
12/04/2022 19:50:14 System CanNet1_Can1_ProcessReader: Failed: <Interface closed>
12/04/2022 19:50:14 System CanNet1_Can1_ProcessReader: Failed: <Interface closed>
12/04/2022 19:50:14 System CanNet1_Can1_ProcessReader: Failed: <Interface closed>
12/04/2022 19:50:14 System CanNet1_Can1_ProcessReader: Failed: <Interface closed>
12/04/2022 19:50:14 System CanNet1_Can1_ProcessReader: Failed: <Interface closed>
12/04/2022 19:50:14 System CanNet1_Can1_ProcessReader: Failed: <Interface closed>
12/04/2022 19:50:14 System CanNet1_Can1_ProcessReader: Failed: <Interface closed>
12/04/2022 19:50:14 System CanNet1_Can1_ProcessReader: Failed: <Interface closed>
12/04/2022 19:50:14 System CanNet1_Can1_ProcessReader: Failed: <Interface closed>
12/04/2022 19:50:14 System CanNet1_Can1_ProcessReader: Failed: <Interface closed>
12/04/2022 19:50:14 System CanNet1_Can1_ProcessReader: Failed: <Interface closed>
12/04/2022 19:50:14 System CanNet1_Can1_ProcessReader: Failed: <Interface closed>
12/04/2022 19:50:14 System CanNet1_Can1_ProcessReader: Failed: <Interface closed>
12/04/2022 19:50:14 System CanNet1_Can1_ProcessReader: Failed: <Interface closed>
12/04/2022 19:50:14 System CanNet1_Can1_ProcessReader: Failed: <Interface closed>
12/04/2022 19:50:14 System CanNet1_Can1_ProcessReader: Failed: <Interface closed>
12/04/2022 19:50:14 System CanNet1_Can1_ProcessReader: Failed: <Interface closed>
12/04/2022 19:50:14 System CanNet1_Can1_ProcessReader: Failed: <Interface closed>
12/04/2022 19:50:14 System CanNet1_Can1_ProcessReader: Failed: <Interface closed>
12/04/2022 19:50:14 System CanNet1_Can1_ProcessReader: Failed: <Interface closed>
12/04/2022 19:50:14 System CanNet1_Can1_ProcessReader: Failed: <Interface closed>
12/04/2022 19:50:14 System CanNet1_Can1_ProcessReader: Failed: <Interface closed>
12/04/2022 19:50:14 System CanNet1_Can1_ProcessReader: Failed: <Interface closed>
12/04/2022 19:50:14 System CanNet1_Can1_ProcessReader: Failed: <Interface closed>
12/04/2022 19:50:14 System CanNet1_Can1_ProcessReader: Failed: <Interface closed>
12/04/2022 19:50:14 System CanNet1_Can1_ProcessReader: Failed: <Interface closed>
12/04/2022 19:50:14 System CanNet1_Can1_ProcessReader: Failed: <Interface closed>
12/04/2022 19:50:14 System CanNet1_Can1_ProcessReader: Failed: <Interface closed>
12/04/2022 19:50:14 System CanNet1_Can1_ProcessReader: Failed: <Interface closed>
12/04/2022 19:50:14 System CanNet1_Can1_ProcessReader: Failed: <Interface closed>
12/04/2022 19:50:14 System CanNet1_Can1_ProcessReader: Failed: <Interface closed>
12/04/2022 19:50:14 System CanNet1_Can1_ProcessReader: Failed: <Interface closed>
12/04/2022 19:50:14 System CanNet1_Can1_ProcessReader: Failed: <Interface closed>
12/04/2022 19:50:14 System CanNet1_Can1_ProcessReader: Failed: <Interface closed>
12/04/2022 19:50:14 System CanNet1_Can1_ProcessReader: Failed: <Interface closed>
12/04/2022 19:50:14 System CanNet1_Can1_ProcessReader: Failed: <Interface closed>
12/04/2022 19:50:14 System CanNet1_Can1_ProcessReader: Failed: <Interface closed>
12/04/2022 19:50:14 System CanNet1_Can1_ProcessReader: Failed: <Interface closed>
12/04/2022 19:50:14 System CanNet1_Can1_ProcessReader: Failed: <Interface closed>
12/04/2022 19:50:14 System CanNet1_Can1_ProcessReader: Failed: <Interface closed>
12/04/2022 19:50:14 System CanNet1_Can1_ProcessReader: Failed: <Interface closed>
12/04/2022 19:50:14 System CanNet1_Can1_ProcessReader: Failed: <Interface closed>
12/04/2022 19:50:14 System CanNet1_Can1_ProcessReader: Failed: <Interface closed>
12/04/2022 19:50:14 System CanNet1_Can1_ProcessReader: Failed: <Interface closed>
12/04/2022 19:50:14 System CanNet1_Can1_ProcessReader: Failed: <Interface closed>
12/04/2022 19:50:14 System CanNet1_Can1_ProcessReader: Failed: <Interface closed>
12/04/2022 19:50:14 System CanNet1_Can1_ProcessReader: Failed: <Interface closed>
12/04/2022 19:50:14 System CanNet1_Can1_ProcessReader: Failed: <Interface closed>
12/04/2022 19:50:14 System CanNet1_Can1_ProcessReader: Failed: <Interface closed>
12/04/2022 19:50:14 System CanNet1_Can1_ProcessReader: Failed: <Interface closed>
12/04/2022 19:50:14 System CanNet1_Can1_ProcessReader: Failed: <Interface closed>
12/04/2022 19:50:14 System CanNet1_Can1_ProcessReader: Failed: <Interface closed>
12/04/2022 19:50:14 System CanNet1_Can1_ProcessReader: Failed: <Interface closed>
12/04/2022 19:50:14 System CanNet1_Can1_ProcessReader: Failed: <Interface closed>
12/04/2022 19:50:14 System CanNet1_Can1_ProcessReader: Failed: <Interface closed>
12/04/2022 19:50:14 System CanNet1_Can1_ProcessReader: Failed: <Interface closed>
12/04/2022 19:50:14 System CanNet1_Can1_ProcessReader: Failed: <Interface closed>
12/04/2022 19:50:14 System CanNet1_Can1_ProcessReader: Failed: <Interface closed>
12/04/2022 19:50:14 System CanNet1_Can1_ProcessReader: Failed: <Interface closed>
12/04/2022 19:50:14 System CanNet1_Can1_ProcessReader: Failed: <Interface closed>
12/04/2022 19:50:14 System CanNet1_Can1_ProcessReader: Failed: <Interface closed>
12/04/2022 19:50:14 System CanNet1_Can1_ProcessReader: Failed: <Interface closed>
12/04/2022 19:50:14 System CanNet1_Can1_ProcessReader: Failed: <Interface closed>
12/04/2022 19:50:14 System CanNet1_Can1_ProcessReader::IncErrorCount: Too many errors. Error logging disabled.
12/04/2022 19:50:14 System CanNet1_Can1_ProcessReader: Failed: <Interface closed>
13/04/2022 01:14:19 System CanNet1_Can1_ProcessReader: Failed: <Interface closed>
13/04/2022 01:14:19 System CanNet1_Can1_ProcessReader: Failed: <Interface closed>
13/04/2022 01:14:19 System CanNet1_Can1_ProcessReader: Failed: <Interface closed>
13/04/2022 01:14:19 System CanNet1_Can1_ProcessReader: Failed: <Interface closed>
13/04/2022 01:14:19 System CanNet1_Can1_ProcessReader: Failed: <Interface closed>
13/04/2022 01:14:19 System CanNet1_Can1_ProcessReader: Failed: <Interface closed>
13/04/2022 01:14:19 System CanNet1_Can1_ProcessReader: Failed: <Interface closed>
13/04/2022 01:14:19 System CanNet1_Can1_ProcessReader: Failed: <Interface closed>
13/04/2022 01:14:19 System CanNet1_Can1_ProcessReader: Failed: <Interface closed>
13/04/2022 01:14:19 System CanNet1_Can1_ProcessReader: Failed: <Interface closed>
13/04/2022 01:14:19 System CanNet1_Can1_ProcessReader: Failed: <Interface closed>
13/04/2022 01:14:19 System CanNet1_Can1_ProcessReader: Failed: <Interface closed>
13/04/2022 01:14:19 System CanNet1_Can1_ProcessReader: Failed: <Interface closed>
13/04/2022 01:14:19 System CanNet1_Can1_ProcessReader: Failed: <Interface closed>
13/04/2022 01:14:19 System CanNet1_Can1_ProcessReader: Failed: <Interface closed>
13/04/2022 01:14:19 System CanNet1_Can1_ProcessReader: Failed: <Interface closed>
13/04/2022 01:14:19 System CanNet1_Can1_ProcessReader: Failed: <Interface closed>
13/04/2022 01:14:19 System CanNet1_Can1_ProcessReader: Failed: <Interface closed>
13/04/2022 01:14:19 System CanNet1_Can1_ProcessReader: Failed: <Interface closed>
13/04/2022 01:14:19 System CanNet1_Can1_ProcessReader: Failed: <Interface closed>
13/04/2022 01:14:19 System CanNet1_Can1_ProcessReader: Failed: <Interface closed>
13/04/2022 01:14:19 System CanNet1_Can1_ProcessReader: Failed: <Interface closed>
13/04/2022 01:14:19 System CanNet1_Can1_ProcessReader: Failed: <Interface closed>
13/04/2022 01:14:19 System CanNet1_Can1_ProcessReader: Failed: <Interface closed>
13/04/2022 01:14:19 System CanNet1_Can1_ProcessReader: Failed: <Interface closed>
13/04/2022 01:14:19 System CanNet1_Can1_ProcessReader: Failed: <Interface closed>
13/04/2022 01:14:19 System CanNet1_Can1_ProcessReader: Failed: <Interface closed>
13/04/2022 01:14:19 System CanNet1_Can1_ProcessReader: Failed: <Interface closed>
13/04/2022 01:14:19 System CanNet1_Can1_ProcessReader: Failed: <Interface closed>
13/04/2022 01:14:19 System CanNet1_Can1_ProcessReader: Failed: <Interface closed>
13/04/2022 01:14:19 System CanNet1_Can1_ProcessReader: Failed: <Interface closed>
13/04/2022 01:14:19 System CanNet1_Can1_ProcessReader: Failed: <Interface closed>
13/04/2022 01:14:19 System CanNet1_Can1_ProcessReader: Failed: <Interface closed>
13/04/2022 01:14:19 System CanNet1_Can1_ProcessReader: Failed: <Interface closed>
13/04/2022 01:14:19 System CanNet1_Can1_ProcessReader: Failed: <Interface closed>
13/04/2022 01:14:19 System CanNet1_Can1_ProcessReader: Failed: <Interface closed>
13/04/2022 01:14:19 System CanNet1_Can1_ProcessReader: Failed: <Interface closed>
13/04/2022 01:14:19 System CanNet1_Can1_ProcessReader: Failed: <Interface closed>
13/04/2022 01:14:19 System CanNet1_Can1_ProcessReader: Failed: <Interface closed>
13/04/2022 01:14:19 System CanNet1_Can1_ProcessReader: Failed: <Interface closed>
13/04/2022 01:14:19 System CanNet1_Can1_ProcessReader: Failed: <Interface closed>
13/04/2022 01:14:19 System CanNet1_Can1_ProcessReader: Failed: <Interface closed>
13/04/2022 01:14:19 System CanNet1_Can1_ProcessReader: Failed: <Interface closed>
13/04/2022 01:14:19 System CanNet1_Can1_ProcessReader: Failed: <Interface closed>
13/04/2022 01:14:19 System CanNet1_Can1_ProcessReader: Failed: <Interface closed>
13/04/2022 01:14:19 System CanNet1_Can1_ProcessReader: Failed: <Interface closed>
13/04/2022 01:14:19 System CanNet1_Can1_ProcessReader: Failed: <Interface closed>
13/04/2022 01:14:19 System CanNet1_Can1_ProcessReader: Failed: <Interface closed>
13/04/2022 01:14:19 System CanNet1_Can1_ProcessReader: Failed: <Interface closed>
13/04/2022 01:14:19 System CanNet1_Can1_ProcessReader: Failed: <Interface closed>
13/04/2022 01:14:19 System CanNet1_Can1_ProcessReader: Failed: <Interface closed>
13/04/2022 01:14:19 System CanNet1_Can1_ProcessReader: Failed: <Interface closed>
13/04/2022 01:14:19 System CanNet1_Can1_ProcessReader: Failed: <Interface closed>
13/04/2022 01:14:19 System CanNet1_Can1_ProcessReader: Failed: <Interface closed>
13/04/2022 01:14:19 System CanNet1_Can1_ProcessReader: Failed: <Interface closed>
13/04/2022 01:14:19 System CanNet1_Can1_ProcessReader: Failed: <Interface closed>
13/04/2022 01:14:19 System CanNet1_Can1_ProcessReader: Failed: <Interface closed>
13/04/2022 01:14:19 System CanNet1_Can1_ProcessReader: Failed: <Interface closed>
13/04/2022 01:14:19 System CanNet1_Can1_ProcessReader: Failed: <Interface closed>
13/04/2022 01:14:19 System CanNet1_Can1_ProcessReader: Failed: <Interface closed>
13/04/2022 01:14:19 System CanNet1_Can1_ProcessReader: Failed: <Interface closed>
13/04/2022 01:14:19 System CanNet1_Can1_ProcessReader: Failed: <Interface closed>
13/04/2022 01:14:19 System CanNet1_Can1_ProcessReader: Failed: <Interface closed>
13/04/2022 01:14:19 System CanNet1_Can1_ProcessReader: Failed: <Interface closed>
13/04/2022 01:14:19 System CanNet1_Can1_ProcessReader: Failed: <Interface closed>
13/04/2022 01:14:19 System CanNet1_Can1_ProcessReader: Failed: <Interface closed>
13/04/2022 01:14:19 System CanNet1_Can1_ProcessReader: Failed: <Interface closed>
13/04/2022 01:14:19 System CanNet1_Can1_ProcessReader: Failed: <Interface closed>
13/04/2022 01:14:19 System CanNet1_Can1_ProcessReader: Failed: <Interface closed>
13/04/2022 01:14:19 System CanNet1_Can1_ProcessReader: Failed: <Interface closed>
13/04/2022 01:14:19 System CanNet1_Can1_ProcessReader: Failed: <Interface closed>
13/04/2022 01:14:19 System CanNet1_Can1_ProcessReader: Failed: <Interface closed>
13/04/2022 01:14:19 System CanNet1_Can1_ProcessReader: Failed: <Interface closed>
13/04/2022 01:14:19 System CanNet1_Can1_ProcessReader: Failed: <Interface closed>
13/04/2022 01:14:19 System CanNet1_Can1_ProcessReader: Failed: <Interface closed>
13/04/2022 01:14:19 System CanNet1_Can1_ProcessReader: Failed: <Interface closed>
13/04/2022 01:14:19 System CanNet1_Can1_ProcessReader: Failed: <Interface closed>
13/04/2022 01:14:19 System CanNet1_Can1_ProcessReader: Failed: <Interface closed>
13/04/2022 01:14:19 System CanNet1_Can1_ProcessReader: Failed: <Interface closed>
13/04/2022 01:14:19 System CanNet1_Can1_ProcessReader: Failed: <Interface closed>
13/04/2022 01:14:19 System CanNet1_Can1_ProcessReader: Failed: <Interface closed>
13/04/2022 01:14:19 System CanNet1_Can1_ProcessReader: Failed: <Interface closed>
13/04/2022 01:14:19 System CanNet1_Can1_ProcessReader: Failed: <Interface closed>
13/04/2022 01:14:19 System CanNet1_Can1_ProcessReader: Failed: <Interface closed>
13/04/2022 01:14:19 System CanNet1_Can1_ProcessReader: Failed: <Interface closed>
13/04/2022 01:14:19 System CanNet1_Can1_ProcessReader: Failed: <Interface closed>
13/04/2022 01:14:19 System CanNet1_Can1_ProcessReader: Failed: <Interface closed>
13/04/2022 01:14:19 System CanNet1_Can1_ProcessReader: Failed: <Interface closed>
13/04/2022 01:14:19 System CanNet1_Can1_ProcessReader: Failed: <Interface closed>
13/04/2022 01:14:19 System CanNet1_Can1_ProcessReader: Failed: <Interface closed>
13/04/2022 01:14:19 System CanNet1_Can1_ProcessReader: Failed: <Interface closed>
13/04/2022 01:14:19 System CanNet1_Can1_ProcessReader: Failed: <Interface closed>
13/04/2022 01:14:19 System CanNet1_Can1_ProcessReader: Failed: <Interface closed>
13/04/2022 01:14:19 System CanNet1_Can1_ProcessReader: Failed: <Interface closed>
13/04/2022 01:14:19 System CanNet1_Can1_ProcessReader: Failed: <Interface closed>
13/04/2022 01:14:19 System CanNet1_Can1_ProcessReader: Failed: <Interface closed>
13/04/2022 01:14:19 System CanNet1_Can1_ProcessReader: Failed: <Interface closed>
13/04/2022 01:14:19 System CanNet1_Can1_ProcessReader: Failed: <Interface closed>
13/04/2022 01:14:19 System CanNet1_Can1_ProcessReader: Failed: <Interface closed>
13/04/2022 01:14:19 System CanNet1_Can1_ProcessReader::IncErrorCount: Too many errors. Error logging disabled.
13/04/2022 01:14:19 System CanNet1_Can1_ProcessReader: Failed: <Interface closed>
13/04/2022 06:37:49 System CanNet1_Can1_ProcessReader: Failed: <Interface closed>
13/04/2022 06:37:49 System CanNet1_Can1_ProcessReader: Failed: <Interface closed>
13/04/2022 06:37:49 System CanNet1_Can1_ProcessReader: Failed: <Interface closed>
13/04/2022 06:37:49 System CanNet1_Can1_ProcessReader: Failed: <Interface closed>
13/04/2022 06:37:49 System CanNet1_Can1_ProcessReader: Failed: <Interface closed>
13/04/2022 06:37:49 System CanNet1_Can1_ProcessReader: Failed: <Interface closed>
13/04/2022 06:37:49 System CanNet1_Can1_ProcessReader: Failed: <Interface closed>
13/04/2022 06:37:49 System CanNet1_Can1_ProcessReader: Failed: <Interface closed>
13/04/2022 06:37:49 System CanNet1_Can1_ProcessReader: Failed: <Interface closed>
13/04/2022 06:37:49 System CanNet1_Can1_ProcessReader: Failed: <Interface closed>
13/04/2022 06:37:49 System CanNet1_Can1_ProcessReader: Failed: <Interface closed>
13/04/2022 06:37:49 System CanNet1_Can1_ProcessReader: Failed: <Interface closed>
13/04/2022 06:37:49 System CanNet1_Can1_ProcessReader: Failed: <Interface closed>
13/04/2022 06:37:49 System CanNet1_Can1_ProcessReader: Failed: <Interface closed>
13/04/2022 06:37:49 System CanNet1_Can1_ProcessReader: Failed: <Interface closed>
13/04/2022 06:37:49 System CanNet1_Can1_ProcessReader: Failed: <Interface closed>
13/04/2022 06:37:49 System CanNet1_Can1_ProcessReader: Failed: <Interface closed>
13/04/2022 06:37:49 System CanNet1_Can1_ProcessReader: Failed: <Interface closed>
13/04/2022 06:37:49 System CanNet1_Can1_ProcessReader: Failed: <Interface closed>
13/04/2022 06:37:49 System CanNet1_Can1_ProcessReader: Failed: <Interface closed>
13/04/2022 06:37:49 System CanNet1_Can1_ProcessReader: Failed: <Interface closed>
13/04/2022 06:37:49 System CanNet1_Can1_ProcessReader: Failed: <Interface closed>
13/04/2022 06:37:49 System CanNet1_Can1_ProcessReader: Failed: <Interface closed>
13/04/2022 06:37:49 System CanNet1_Can1_ProcessReader: Failed: <Interface closed>
13/04/2022 06:37:49 System CanNet1_Can1_ProcessReader: Failed: <Interface closed>
13/04/2022 06:37:49 System CanNet1_Can1_ProcessReader: Failed: <Interface closed>
13/04/2022 06:37:49 System CanNet1_Can1_ProcessReader: Failed: <Interface closed>
13/04/2022 06:37:49 System CanNet1_Can1_ProcessReader: Failed: <Interface closed>
13/04/2022 06:37:49 System CanNet1_Can1_ProcessReader: Failed: <Interface closed>
13/04/2022 06:37:49 System CanNet1_Can1_ProcessReader: Failed: <Interface closed>
13/04/2022 06:37:49 System CanNet1_Can1_ProcessReader: Failed: <Interface closed>
13/04/2022 06:37:49 System CanNet1_Can1_ProcessReader: Failed: <Interface closed>
13/04/2022 06:37:49 System CanNet1_Can1_ProcessReader: Failed: <Interface closed>
13/04/2022 06:37:49 System CanNet1_Can1_ProcessReader: Failed: <Interface closed>
13/04/2022 06:37:49 System CanNet1_Can1_ProcessReader: Failed: <Interface closed>
13/04/2022 06:37:49 System CanNet1_Can1_ProcessReader: Failed: <Interface closed>
13/04/2022 06:37:49 System CanNet1_Can1_ProcessReader: Failed: <Interface closed>
13/04/2022 06:37:49 System CanNet1_Can1_ProcessReader: Failed: <Interface closed>
13/04/2022 06:37:49 System CanNet1_Can1_ProcessReader: Failed: <Interface closed>
13/04/2022 06:37:49 System CanNet1_Can1_ProcessReader: Failed: <Interface closed>
13/04/2022 06:37:49 System CanNet1_Can1_ProcessReader: Failed: <Interface closed>
13/04/2022 06:37:49 System CanNet1_Can1_ProcessReader: Failed: <Interface closed>
13/04/2022 06:37:49 System CanNet1_Can1_ProcessReader: Failed: <Interface closed>
13/04/2022 06:37:49 System CanNet1_Can1_ProcessReader: Failed: <Interface closed>
13/04/2022 06:37:49 System CanNet1_Can1_ProcessReader: Failed: <Interface closed>
13/04/2022 06:37:49 System CanNet1_Can1_ProcessReader: Failed: <Interface closed>
13/04/2022 06:37:49 System CanNet1_Can1_ProcessReader: Failed: <Interface closed>
13/04/2022 06:37:49 System CanNet1_Can1_ProcessReader: Failed: <Interface closed>
13/04/2022 06:37:49 System CanNet1_Can1_ProcessReader: Failed: <Interface closed>
13/04/2022 06:37:49 System CanNet1_Can1_ProcessReader: Failed: <Interface closed>
13/04/2022 06:37:49 System CanNet1_Can1_ProcessReader: Failed: <Interface closed>
13/04/2022 06:37:49 System CanNet1_Can1_ProcessReader: Failed: <Interface closed>
13/04/2022 06:37:49 System CanNet1_Can1_ProcessReader: Failed: <Interface closed>
13/04/2022 06:37:49 System CanNet1_Can1_ProcessReader: Failed: <Interface closed>
13/04/2022 06:37:49 System CanNet1_Can1_ProcessReader: Failed: <Interface closed>
13/04/2022 06:37:49 System CanNet1_Can1_ProcessReader: Failed: <Interface closed>
13/04/2022 06:37:49 System CanNet1_Can1_ProcessReader: Failed: <Interface closed>
13/04/2022 06:37:49 System CanNet1_Can1_ProcessReader: Failed: <Interface closed>
13/04/2022 06:37:49 System CanNet1_Can1_ProcessReader: Failed: <Interface closed>
13/04/2022 06:37:49 System CanNet1_Can1_ProcessReader: Failed: <Interface closed>
13/04/2022 06:37:49 System CanNet1_Can1_ProcessReader: Failed: <Interface closed>
13/04/2022 06:37:49 System CanNet1_Can1_ProcessReader: Failed: <Interface closed>
13/04/2022 06:37:49 System CanNet1_Can1_ProcessReader: Failed: <Interface closed>
13/04/2022 06:37:49 System CanNet1_Can1_ProcessReader: Failed: <Interface closed>
13/04/2022 06:37:49 System CanNet1_Can1_ProcessReader: Failed: <Interface closed>
13/04/2022 06:37:49 System CanNet1_Can1_ProcessReader: Failed: <Interface closed>
13/04/2022 06:37:49 System CanNet1_Can1_ProcessReader: Failed: <Interface closed>
13/04/2022 06:37:49 System CanNet1_Can1_ProcessReader: Failed: <Interface closed>
13/04/2022 06:37:49 System CanNet1_Can1_ProcessReader: Failed: <Interface closed>
13/04/2022 06:37:49 System CanNet1_Can1_ProcessReader: Failed: <Interface closed>
13/04/2022 06:37:49 System CanNet1_Can1_ProcessReader: Failed: <Interface closed>
13/04/2022 06:37:49 System CanNet1_Can1_ProcessReader: Failed: <Interface closed>
13/04/2022 06:37:49 System CanNet1_Can1_ProcessReader: Failed: <Interface closed>
13/04/2022 06:37:49 System CanNet1_Can1_ProcessReader: Failed: <Interface closed>
13/04/2022 06:37:49 System CanNet1_Can1_ProcessReader: Failed: <Interface closed>
13/04/2022 06:37:49 System CanNet1_Can1_ProcessReader: Failed: <Interface closed>
13/04/2022 06:37:49 System CanNet1_Can1_ProcessReader: Failed: <Interface closed>
13/04/2022 06:37:49 System CanNet1_Can1_ProcessReader: Failed: <Interface closed>
13/04/2022 06:37:49 System CanNet1_Can1_ProcessReader: Failed: <Interface closed>
13/04/2022 06:37:49 System CanNet1_Can1_ProcessReader: Failed: <Interface closed>
13/04/2022 06:37:49 System CanNet1_Can1_ProcessReader: Failed: <Interface closed>
13/04/2022 06:37:49 System CanNet1_Can1_ProcessReader: Failed: <Interface closed>
13/04/2022 06:37:49 System CanNet1_Can1_ProcessReader: Failed: <Interface closed>
13/04/2022 06:37:49 System CanNet1_Can1_ProcessReader: Failed: <Interface closed>
13/04/2022 06:37:49 System CanNet1_Can1_ProcessReader: Failed: <Interface closed>
13/04/2022 06:37:49 System CanNet1_Can1_ProcessReader: Failed: <Interface closed>
13/04/2022 06:37:49 System CanNet1_Can1_ProcessReader: Failed: <Interface closed>
13/04/2022 06:37:49 System CanNet1_Can1_ProcessReader: Failed: <Interface closed>
13/04/2022 06:37:49 System CanNet1_Can1_ProcessReader: Failed: <Interface closed>
13/04/2022 06:37:49 System CanNet1_Can1_ProcessReader: Failed: <Interface closed>
13/04/2022 06:37:49 System CanNet1_Can1_ProcessReader: Failed: <Interface closed>
13/04/2022 06:37:49 System CanNet1_Can1_ProcessReader: Failed: <Interface closed>
13/04/2022 06:37:49 System CanNet1_Can1_ProcessReader: Failed: <Interface closed>
13/04/2022 06:37:49 System CanNet1_Can1_ProcessReader: Failed: <Interface closed>
13/04/2022 06:37:49 System CanNet1_Can1_ProcessReader: Failed: <Interface closed>
13/04/2022 06:37:49 System CanNet1_Can1_ProcessReader: Failed: <Interface closed>
13/04/2022 06:37:49 System CanNet1_Can1_ProcessReader: Failed: <Interface closed>
13/04/2022 06:37:49 System CanNet1_Can1_ProcessReader: Failed: <Interface closed>
13/04/2022 06:37:49 System CanNet1_Can1_ProcessReader: Failed: <Interface closed>
13/04/2022 06:37:49 System CanNet1_Can1_ProcessReader::IncErrorCount: Too many errors. Error logging disabled.
13/04/2022 06:37:49 System CanNet1_Can1_ProcessReader: Failed: <Interface closed>
